/home/lawrence/Exam_BENTOML/examen_bentoml/venv/lib/python3.12/site-packages/bentoml/io.py:7: BentoMLDeprecationWarning: `bentoml.io` is deprecated since BentoML v1.4 and will be removed in a future version. Please upgrade to new style IO types instead.
  warn_deprecated(
Traceback (most recent call last):
  File "/home/lawrence/Exam_BENTOML/examen_bentoml/venv/bin/bentoml", line 8, in <module>
    sys.exit(cli())
             ^^^^^
  File "/home/lawrence/Exam_BENTOML/examen_bentoml/venv/lib/python3.12/site-packages/click/core.py", line 1485, in __call__
    return self.main(*args, **kwargs)
           ^^^^^^^^^^^^^^^^^^^^^^^^^^
  File "/home/lawrence/Exam_BENTOML/examen_bentoml/venv/lib/python3.12/site-packages/click/core.py", line 1406, in main
    rv = self.invoke(ctx)
         ^^^^^^^^^^^^^^^^
  File "/home/lawrence/Exam_BENTOML/examen_bentoml/venv/lib/python3.12/site-packages/click/core.py", line 1873, in invoke
    return _process_result(sub_ctx.command.invoke(sub_ctx))
                           ^^^^^^^^^^^^^^^^^^^^^^^^^^^^^^^
  File "/home/lawrence/Exam_BENTOML/examen_bentoml/venv/lib/python3.12/site-packages/click/core.py", line 1269, in invoke
    return ctx.invoke(self.callback, **ctx.params)
           ^^^^^^^^^^^^^^^^^^^^^^^^^^^^^^^^^^^^^^^
  File "/home/lawrence/Exam_BENTOML/examen_bentoml/venv/lib/python3.12/site-packages/click/core.py", line 824, in invoke
    return callback(*args, **kwargs)
           ^^^^^^^^^^^^^^^^^^^^^^^^^
  File "/home/lawrence/Exam_BENTOML/examen_bentoml/venv/lib/python3.12/site-packages/bentoml_cli/utils.py", line 364, in wrapper
    return func(*args, **kwargs)
           ^^^^^^^^^^^^^^^^^^^^^
  File "/home/lawrence/Exam_BENTOML/examen_bentoml/venv/lib/python3.12/site-packages/bentoml_cli/utils.py", line 335, in wrapper
    return_value = func(*args, **kwargs)
                   ^^^^^^^^^^^^^^^^^^^^^
  File "/home/lawrence/Exam_BENTOML/examen_bentoml/venv/lib/python3.12/site-packages/bentoml_cli/env_manager.py", line 124, in wrapper
    return func(*args, **kwargs)
           ^^^^^^^^^^^^^^^^^^^^^
  File "/home/lawrence/Exam_BENTOML/examen_bentoml/venv/lib/python3.12/site-packages/bentoml_cli/serve.py", line 263, in serve
    svc = load(bento_identifier=bento, working_dir=working_dir)
          ^^^^^^^^^^^^^^^^^^^^^^^^^^^^^^^^^^^^^^^^^^^^^^^^^^^^^
  File "/home/lawrence/Exam_BENTOML/examen_bentoml/venv/lib/python3.12/site-packages/bentoml/_internal/service/loader.py", line 418, in load
    svc = import_service(
          ^^^^^^^^^^^^^^^
  File "/home/lawrence/Exam_BENTOML/examen_bentoml/venv/lib/python3.12/site-packages/simple_di/__init__.py", line 139, in _
    return func(*_inject_args(bind.args), **_inject_kwargs(bind.kwargs))
           ^^^^^^^^^^^^^^^^^^^^^^^^^^^^^^^^^^^^^^^^^^^^^^^^^^^^^^^^^^^^^
  File "/home/lawrence/Exam_BENTOML/examen_bentoml/venv/lib/python3.12/site-packages/bentoml/_internal/service/loader.py", line 97, in import_service
    svc = _do_import(svc_import_path, working_dir, reload)
          ^^^^^^^^^^^^^^^^^^^^^^^^^^^^^^^^^^^^^^^^^^^^^^^^
  File "/home/lawrence/Exam_BENTOML/examen_bentoml/venv/lib/python3.12/site-packages/bentoml/_internal/service/loader.py", line 165, in _do_import
    module = importlib.import_module(module_name, package=working_dir)
             ^^^^^^^^^^^^^^^^^^^^^^^^^^^^^^^^^^^^^^^^^^^^^^^^^^^^^^^^^
  File "/usr/lib/python3.12/importlib/__init__.py", line 90, in import_module
    return _bootstrap._gcd_import(name[level:], package, level)
           ^^^^^^^^^^^^^^^^^^^^^^^^^^^^^^^^^^^^^^^^^^^^^^^^^^^^
  File "<frozen importlib._bootstrap>", line 1387, in _gcd_import
  File "<frozen importlib._bootstrap>", line 1360, in _find_and_load
  File "<frozen importlib._bootstrap>", line 1331, in _find_and_load_unlocked
  File "<frozen importlib._bootstrap>", line 935, in _load_unlocked
  File "<frozen importlib._bootstrap_external>", line 995, in exec_module
  File "<frozen importlib._bootstrap>", line 488, in _call_with_frames_removed
  File "/home/lawrence/Exam_BENTOML/examen_bentoml/src/service.py", line 53, in <module>
    @svc.api(input=JSON(), output=JSON(), route="/login")
     ^^^^^^^
AttributeError: 'Service' object has no attribute 'api'. Did you mean: 'apis'?
